<?xml version="1.0" encoding="UTF-8"?>
<!-- Generated by org.testng.reporters.JUnitReportReporter -->
<testsuite skipped="0" hostname="DESKTOP-B3JITBB" name="com.test.Sample3" tests="4" failures="0" timestamp="06 Feb 2023 09:06:15 GMT" time="9.787" errors="0">
  <testcase name="delete" time="6.653" classname="com.test.Sample3"/>
  <testcase name="listUsers" time="1.056" classname="com.test.Sample3"/>
  <testcase name="create" time="1.140" classname="com.test.Sample3"/>
  <testcase name="update" time="0.938" classname="com.test.Sample3"/>
</testsuite> <!-- com.test.Sample3 -->
